<?xml version="1.0" encoding="UTF-8"?>
<!-- Generated by org.testng.reporters.JUnitXMLReporter -->
<testsuite hostname="macpk-wks-0076" ignored="0" name="Default test" tests="4" failures="0" timestamp="08 Mar 2019 09:34:29 GMT" time="79.676" errors="0">
  <testcase name="HalfEbay" time="2.913" classname="DataDrivenConcept.HalfEbayTest_DataDriven_WithTestNgDataProvider"/>
  <testcase name="HalfEbay" time="2.297" classname="DataDrivenConcept.HalfEbayTest_DataDriven_WithTestNgDataProvider"/>
  <testcase name="HalfEbay" time="2.384" classname="DataDrivenConcept.HalfEbayTest_DataDriven_WithTestNgDataProvider"/>
  <testcase name="HalfEbay" time="2.669" classname="DataDrivenConcept.HalfEbayTest_DataDriven_WithTestNgDataProvider"/>
</testsuite> <!-- Default test -->
